[2021-03-17 10:54:23.193] [exthost] [info] extension host started
[2021-03-17 10:54:23.411] [exthost] [info] ExtensionService#_doActivateExtension vscode.microsoft-authentication {"startup":false,"extensionId":{"value":"vscode.microsoft-authentication","_lower":"vscode.microsoft-authentication"},"activationEvent":"onAuthenticationRequest:microsoft"}
[2021-03-17 10:54:23.413] [exthost] [info] ExtensionService#loadCommonJSModule file:///snap/code/59/usr/share/code/resources/app/extensions/microsoft-authentication/dist/extension.js
[2021-03-17 10:54:23.510] [exthost] [info] ExtensionService#_doActivateExtension vscode.debug-auto-launch {"startup":true,"extensionId":{"value":"vscode.debug-auto-launch","_lower":"vscode.debug-auto-launch"},"activationEvent":"*"}
[2021-03-17 10:54:23.510] [exthost] [info] ExtensionService#loadCommonJSModule file:///snap/code/59/usr/share/code/resources/app/extensions/debug-auto-launch/dist/extension
[2021-03-17 10:54:23.529] [exthost] [info] ExtensionService#_doActivateExtension vscode.git {"startup":true,"extensionId":{"value":"vscode.github","_lower":"vscode.github"},"activationEvent":"*"}
[2021-03-17 10:54:23.530] [exthost] [info] ExtensionService#loadCommonJSModule file:///snap/code/59/usr/share/code/resources/app/extensions/git/dist/main
[2021-03-17 10:54:24.881] [exthost] [info] ExtensionService#_doActivateExtension vscode.github {"startup":true,"extensionId":{"value":"vscode.github","_lower":"vscode.github"},"activationEvent":"*"}
[2021-03-17 10:54:24.882] [exthost] [info] ExtensionService#loadCommonJSModule file:///snap/code/59/usr/share/code/resources/app/extensions/github/dist/extension.js
[2021-03-17 10:54:24.916] [exthost] [info] ExtensionService#_doActivateExtension ms-vscode.js-debug {"startup":false,"extensionId":{"value":"ms-vscode.js-debug","_lower":"ms-vscode.js-debug"},"activationEvent":"onCommand:extension.js-debug.clearAutoAttachVariables"}
[2021-03-17 10:54:24.916] [exthost] [info] ExtensionService#loadCommonJSModule file:///snap/code/59/usr/share/code/resources/app/extensions/ms-vscode.js-debug/src/extension.js
[2021-03-17 10:54:25.267] [exthost] [info] eager extensions activated
[2021-03-17 10:54:25.845] [exthost] [info] ExtensionService#_doActivateExtension vscode.emmet {"startup":false,"extensionId":{"value":"vscode.emmet","_lower":"vscode.emmet"},"activationEvent":"onStartupFinished"}
[2021-03-17 10:54:25.845] [exthost] [info] ExtensionService#loadCommonJSModule file:///snap/code/59/usr/share/code/resources/app/extensions/emmet/dist/node/emmetNodeMain
[2021-03-17 10:54:25.893] [exthost] [info] ExtensionService#_doActivateExtension vscode.merge-conflict {"startup":false,"extensionId":{"value":"vscode.merge-conflict","_lower":"vscode.merge-conflict"},"activationEvent":"onStartupFinished"}
[2021-03-17 10:54:25.893] [exthost] [info] ExtensionService#loadCommonJSModule file:///snap/code/59/usr/share/code/resources/app/extensions/merge-conflict/dist/mergeConflictMain
[2021-03-17 10:54:25.950] [exthost] [info] ExtensionService#_doActivateExtension vscode.testing-editor-contributions {"startup":false,"extensionId":{"value":"vscode.testing-editor-contributions","_lower":"vscode.testing-editor-contributions"},"activationEvent":"onStartupFinished"}
[2021-03-17 10:54:25.950] [exthost] [info] ExtensionService#loadCommonJSModule file:///snap/code/59/usr/share/code/resources/app/extensions/testing-editor-contributions/dist/extension.js
[2021-03-17 10:54:26.197] [exthost] [info] ExtensionService#_doActivateExtension vscode.github-authentication {"startup":false,"extensionId":{"value":"vscode.github-authentication","_lower":"vscode.github-authentication"},"activationEvent":"onAuthenticationRequest:github"}
[2021-03-17 10:54:26.197] [exthost] [info] ExtensionService#loadCommonJSModule file:///snap/code/59/usr/share/code/resources/app/extensions/github-authentication/dist/extension.js
[2021-03-17 11:21:15.384] [exthost] [info] ExtensionService#_doActivateExtension dlasagno.wal-theme {"startup":false,"extensionId":{"value":"dlasagno.wal-theme","_lower":"dlasagno.wal-theme"},"activationEvent":"*"}
[2021-03-17 11:21:15.385] [exthost] [info] ExtensionService#loadCommonJSModule file:///home/datguykenkai/.vscode/extensions/dlasagno.wal-theme-1.0.4/out/extension.js
[2021-03-17 11:21:26.640] [exthost] [info] ExtensionService#_doActivateExtension vscode.configuration-editing {"startup":false,"extensionId":{"value":"vscode.configuration-editing","_lower":"vscode.configuration-editing"},"activationEvent":"onLanguage:jsonc"}
[2021-03-17 11:21:26.641] [exthost] [info] ExtensionService#loadCommonJSModule file:///snap/code/59/usr/share/code/resources/app/extensions/configuration-editing/dist/configurationEditingMain
[2021-03-17 11:21:26.670] [exthost] [info] ExtensionService#_doActivateExtension vscode.json-language-features {"startup":false,"extensionId":{"value":"vscode.json-language-features","_lower":"vscode.json-language-features"},"activationEvent":"onLanguage:jsonc"}
[2021-03-17 11:21:26.670] [exthost] [info] ExtensionService#loadCommonJSModule file:///snap/code/59/usr/share/code/resources/app/extensions/json-language-features/client/dist/node/jsonClientMain
[2021-03-17 11:21:26.773] [exthost] [info] ExtensionService#_doActivateExtension vscode.typescript-language-features {"startup":false,"extensionId":{"value":"vscode.typescript-language-features","_lower":"vscode.typescript-language-features"},"activationEvent":"onLanguage:jsonc"}
[2021-03-17 11:21:26.773] [exthost] [info] ExtensionService#loadCommonJSModule file:///snap/code/59/usr/share/code/resources/app/extensions/typescript-language-features/dist/extension
[2021-03-17 11:25:04.553] [exthost] [info] extension host terminating: received terminate message from renderer
[2021-03-17 11:25:05.588] [exthost] [info] exiting with code 0
